<?xml version="1.0" encoding="UTF-8"?>
<!-- Generated by org.testng.reporters.JUnitXMLReporter -->
<testsuite ignored="6" hostname="DESKTOP-A0PA6AD" failures="0" tests="7" name="Test" time="79.386" errors="0" timestamp="2022-12-16T11:14:11 IST">
  <testcase classname="scrips.test4" name="tc5" time="3.829"/>
  <testcase classname="scrips.test3" name="tc2" time="7.349"/>
  <testcase classname="scrips.test2" name="tc5" time="4.712"/>
  <testcase classname="scrips.test2" name="tc5" time="4.419"/>
  <testcase classname="scrips.test2" name="tc5" time="3.817"/>
  <testcase classname="scrips.test2" name="tc5" time="4.218"/>
  <testcase classname="scrips.test1" name="tc1" time="4.062"/>
  <testcase classname="genericlibrary.baseclass" name="@AfterSuite configAS" time="0.0">
    <ignored/>
  </testcase> <!-- @AfterSuite configAS -->
  <testcase classname="genericlibrary.baseclass" name="@AfterSuite configAS" time="0.0">
    <ignored/>
  </testcase> <!-- @AfterSuite configAS -->
  <testcase classname="genericlibrary.baseclass" name="@AfterSuite configAS" time="0.0">
    <ignored/>
  </testcase> <!-- @AfterSuite configAS -->
  <testcase classname="genericlibrary.baseclass" name="@BeforeSuite configBS" time="0.0">
    <ignored/>
  </testcase> <!-- @BeforeSuite configBS -->
  <testcase classname="genericlibrary.baseclass" name="@BeforeSuite configBS" time="0.0">
    <ignored/>
  </testcase> <!-- @BeforeSuite configBS -->
  <testcase classname="genericlibrary.baseclass" name="@BeforeSuite configBS" time="0.0">
    <ignored/>
  </testcase> <!-- @BeforeSuite configBS -->
</testsuite> <!-- Test -->
